# JRE version: OpenJDK Runtime Environment Temurin-17.0.10+7 (17.0.10+7) (build 17.0.10+7)
# Java VM: OpenJDK 64-Bit Server VM Temurin-17.0.10+7 (17.0.10+7, mixed mode, sharing, tiered, compressed oops, compressed class ptrs, g1 gc, windows-amd64)
GC Precious Log:
 CPUs: 8 total, 8 available
 Memory: 8075M
 Large Page Support: Disabled
 NUMA Support: Disabled
 Compressed Oops: Enabled (32-bit)
 Heap Region Size: 1M
 Heap Min Capacity: 8M
 Heap Initial Capacity: 128M
 Heap Max Capacity: 2020M
 Pre-touch: Disabled
 Parallel Workers: 8
 Concurrent Workers: 2
 Concurrent Refinement Workers: 8
 Periodic GC: Disabled
Heap:
 garbage-first heap   total 238592K, used 193945K [0x0000000081c00000, 0x0000000100000000)
  region size 1024K, 105 young (107520K), 8 survivors (8192K)
 Metaspace       used 40051K, committed 41280K, reserved 1114112K
  class space    used 4762K, committed 5312K, reserved 1048576K
GC Heap History (20 events):
Event: 10.238 GC heap before
{Heap before GC invocations=12 (full 0):
 garbage-first heap   total 157696K, used 118272K [0x0000000081c00000, 0x0000000100000000)
  region size 1024K, 57 young (58368K), 8 survivors (8192K)
 Metaspace       used 27126K, committed 27904K, reserved 1114112K
  class space    used 3238K, committed 3584K, reserved 1048576K
}
Event: 10.253 GC heap after
{Heap after GC invocations=13 (full 0):
 garbage-first heap   total 157696K, used 75264K [0x0000000081c00000, 0x0000000100000000)
  region size 1024K, 7 young (7168K), 7 survivors (7168K)
 Metaspace       used 27126K, committed 27904K, reserved 1114112K
  class space    used 3238K, committed 3584K, reserved 1048576K
}
Event: 10.432 GC heap before
{Heap before GC invocations=13 (full 0):
 garbage-first heap   total 157696K, used 121344K [0x0000000081c00000, 0x0000000100000000)
  region size 1024K, 52 young (53248K), 7 survivors (7168K)
 Metaspace       used 28758K, committed 29632K, reserved 1114112K
  class space    used 3406K, committed 3776K, reserved 1048576K
}
Event: 10.445 GC heap after
{Heap after GC invocations=14 (full 0):
 garbage-first heap   total 157696K, used 76162K [0x0000000081c00000, 0x0000000100000000)
  region size 1024K, 2 young (2048K), 2 survivors (2048K)
 Metaspace       used 28758K, committed 29632K, reserved 1114112K
  class space    used 3406K, committed 3776K, reserved 1048576K
}
Event: 10.715 GC heap before
{Heap before GC invocations=14 (full 0):
 garbage-first heap   total 157696K, used 124290K [0x0000000081c00000, 0x0000000100000000)
  region size 1024K, 49 young (50176K), 2 survivors (2048K)
 Metaspace       used 29749K, committed 30656K, reserved 1114112K
  class space    used 3521K, committed 3904K, reserved 1048576K
}
Event: 10.718 GC heap after
{Heap after GC invocations=15 (full 0):
 garbage-first heap   total 157696K, used 76129K [0x0000000081c00000, 0x0000000100000000)
  region size 1024K, 2 young (2048K), 2 survivors (2048K)
 Metaspace       used 29749K, committed 30656K, reserved 1114112K
  class space    used 3521K, committed 3904K, reserved 1048576K
}
Event: 10.960 GC heap before
{Heap before GC invocations=16 (full 0):
 garbage-first heap   total 157696K, used 126305K [0x0000000081c00000, 0x0000000100000000)
  region size 1024K, 51 young (52224K), 2 survivors (2048K)
 Metaspace       used 30177K, committed 31168K, reserved 1114112K
  class space    used 3587K, committed 4032K, reserved 1048576K
}
Event: 10.966 GC heap after
{Heap after GC invocations=17 (full 0):
 garbage-first heap   total 157696K, used 76963K [0x0000000081c00000, 0x0000000100000000)
  region size 1024K, 3 young (3072K), 3 survivors (3072K)
 Metaspace       used 30177K, committed 31168K, reserved 1114112K
  class space    used 3587K, committed 4032K, reserved 1048576K
}
Event: 10.975 GC heap before
{Heap before GC invocations=17 (full 0):
 garbage-first heap   total 157696K, used 81059K [0x0000000081c00000, 0x0000000100000000)
  region size 1024K, 7 young (7168K), 3 survivors (3072K)
 Metaspace       used 30177K, committed 31168K, reserved 1114112K
  class space    used 3587K, committed 4032K, reserved 1048576K
}
Event: 10.980 GC heap after
{Heap after GC invocations=18 (full 0):
 garbage-first heap   total 238592K, used 76957K [0x0000000081c00000, 0x0000000100000000)
  region size 1024K, 1 young (1024K), 1 survivors (1024K)
 Metaspace       used 30177K, committed 31168K, reserved 1114112K
  class space    used 3587K, committed 4032K, reserved 1048576K
}
Event: 11.260 GC heap before
{Heap before GC invocations=18 (full 0):
 garbage-first heap   total 238592K, used 186525K [0x0000000081c00000, 0x0000000100000000)
  region size 1024K, 108 young (110592K), 1 survivors (1024K)
 Metaspace       used 30190K, committed 31168K, reserved 1114112K
  class space    used 3587K, committed 4032K, reserved 1048576K
}
Event: 11.263 GC heap after
{Heap after GC invocations=19 (full 0):
 garbage-first heap   total 238592K, used 76989K [0x0000000081c00000, 0x0000000100000000)
  region size 1024K, 1 young (1024K), 1 survivors (1024K)
 Metaspace       used 30190K, committed 31168K, reserved 1114112K
  class space    used 3587K, committed 4032K, reserved 1048576K
}
Event: 11.543 GC heap before
{Heap before GC invocations=19 (full 0):
 garbage-first heap   total 238592K, used 195773K [0x0000000081c00000, 0x0000000100000000)
  region size 1024K, 117 young (119808K), 1 survivors (1024K)
 Metaspace       used 30220K, committed 31168K, reserved 1114112K
  class space    used 3590K, committed 4032K, reserved 1048576K
}
Event: 11.545 GC heap after
{Heap after GC invocations=20 (full 0):
 garbage-first heap   total 238592K, used 78013K [0x0000000081c00000, 0x0000000100000000)
  region size 1024K, 2 young (2048K), 2 survivors (2048K)
 Metaspace       used 30220K, committed 31168K, reserved 1114112K
  class space    used 3590K, committed 4032K, reserved 1048576K
}
Event: 11.987 GC heap before
{Heap before GC invocations=20 (full 0):
 garbage-first heap   total 238592K, used 201917K [0x0000000081c00000, 0x0000000100000000)
  region size 1024K, 120 young (122880K), 2 survivors (2048K)
 Metaspace       used 31188K, committed 32064K, reserved 1114112K
  class space    used 3704K, committed 4096K, reserved 1048576K
}
Event: 11.993 GC heap after
{Heap after GC invocations=21 (full 0):
 garbage-first heap   total 238592K, used 78810K [0x0000000081c00000, 0x0000000100000000)
  region size 1024K, 3 young (3072K), 3 survivors (3072K)
 Metaspace       used 31188K, committed 32064K, reserved 1114112K
  class space    used 3704K, committed 4096K, reserved 1048576K
}
Event: 12.525 GC heap before
{Heap before GC invocations=21 (full 0):
 garbage-first heap   total 238592K, used 198618K [0x0000000081c00000, 0x0000000100000000)
  region size 1024K, 121 young (123904K), 3 survivors (3072K)
 Metaspace       used 34125K, committed 35136K, reserved 1114112K
  class space    used 4066K, committed 4544K, reserved 1048576K
}
Event: 12.533 GC heap after
{Heap after GC invocations=22 (full 0):
 garbage-first heap   total 238592K, used 81746K [0x0000000081c00000, 0x0000000100000000)
  region size 1024K, 6 young (6144K), 6 survivors (6144K)
 Metaspace       used 34125K, committed 35136K, reserved 1114112K
  class space    used 4066K, committed 4544K, reserved 1048576K
}
Event: 13.066 GC heap before
{Heap before GC invocations=22 (full 0):
 garbage-first heap   total 238592K, used 211794K [0x0000000081c00000, 0x0000000100000000)
  region size 1024K, 122 young (124928K), 6 survivors (6144K)
 Metaspace       used 36227K, committed 37312K, reserved 1114112K
  class space    used 4354K, committed 4864K, reserved 1048576K
}
Event: 13.074 GC heap after
{Heap after GC invocations=23 (full 0):
 garbage-first heap   total 238592K, used 95641K [0x0000000081c00000, 0x0000000100000000)
  region size 1024K, 8 young (8192K), 8 survivors (8192K)
 Metaspace       used 36227K, committed 37312K, reserved 1114112K
  class space    used 4354K, committed 4864K, reserved 1048576K
}

