# JRE version: OpenJDK Runtime Environment Temurin-17.0.10+7 (17.0.10+7) (build 17.0.10+7)
# Java VM: OpenJDK 64-Bit Server VM Temurin-17.0.10+7 (17.0.10+7, mixed mode, sharing, tiered, compressed oops, compressed class ptrs, g1 gc, windows-amd64)
GC Precious Log:
 CPUs: 8 total, 8 available
 Memory: 8075M
 Large Page Support: Disabled
 NUMA Support: Disabled
 Compressed Oops: Enabled (32-bit)
 Heap Region Size: 1M
 Heap Min Capacity: 8M
 Heap Initial Capacity: 128M
 Heap Max Capacity: 2020M
 Pre-touch: Disabled
 Parallel Workers: 8
 Concurrent Workers: 2
 Concurrent Refinement Workers: 8
 Periodic GC: Disabled
Heap:
 garbage-first heap   total 235520K, used 119931K [0x0000000081c00000, 0x0000000100000000)
  region size 1024K, 34 young (34816K), 11 survivors (11264K)
 Metaspace       used 41743K, committed 42880K, reserved 1114112K
  class space    used 4938K, committed 5440K, reserved 1048576K
GC Heap History (20 events):
Event: 6.637 GC heap before
{Heap before GC invocations=10 (full 0):
 garbage-first heap   total 183296K, used 134988K [0x0000000081c00000, 0x0000000100000000)
  region size 1024K, 87 young (89088K), 13 survivors (13312K)
 Metaspace       used 26384K, committed 27136K, reserved 1114112K
  class space    used 3150K, committed 3520K, reserved 1048576K
}
Event: 6.664 GC heap after
{Heap after GC invocations=11 (full 0):
 garbage-first heap   total 183296K, used 73071K [0x0000000081c00000, 0x0000000100000000)
  region size 1024K, 11 young (11264K), 11 survivors (11264K)
 Metaspace       used 26384K, committed 27136K, reserved 1114112K
  class space    used 3150K, committed 3520K, reserved 1048576K
}
Event: 6.807 GC heap before
{Heap before GC invocations=11 (full 0):
 garbage-first heap   total 183296K, used 133487K [0x0000000081c00000, 0x0000000100000000)
  region size 1024K, 70 young (71680K), 11 survivors (11264K)
 Metaspace       used 27801K, committed 28544K, reserved 1114112K
  class space    used 3316K, committed 3648K, reserved 1048576K
}
Event: 6.817 GC heap after
{Heap after GC invocations=12 (full 0):
 garbage-first heap   total 183296K, used 74752K [0x0000000081c00000, 0x0000000100000000)
  region size 1024K, 2 young (2048K), 2 survivors (2048K)
 Metaspace       used 27801K, committed 28544K, reserved 1114112K
  class space    used 3316K, committed 3648K, reserved 1048576K
}
Event: 7.139 GC heap before
{Heap before GC invocations=12 (full 0):
 garbage-first heap   total 183296K, used 139264K [0x0000000081c00000, 0x0000000100000000)
  region size 1024K, 65 young (66560K), 2 survivors (2048K)
 Metaspace       used 29663K, committed 30528K, reserved 1114112K
  class space    used 3515K, committed 3904K, reserved 1048576K
}
Event: 7.142 GC heap after
{Heap after GC invocations=13 (full 0):
 garbage-first heap   total 183296K, used 74469K [0x0000000081c00000, 0x0000000100000000)
  region size 1024K, 2 young (2048K), 2 survivors (2048K)
 Metaspace       used 29663K, committed 30528K, reserved 1114112K
  class space    used 3515K, committed 3904K, reserved 1048576K
}
Event: 7.330 GC heap before
{Heap before GC invocations=13 (full 0):
 garbage-first heap   total 183296K, used 143077K [0x0000000081c00000, 0x0000000100000000)
  region size 1024K, 69 young (70656K), 2 survivors (2048K)
 Metaspace       used 30142K, committed 31104K, reserved 1114112K
  class space    used 3588K, committed 4032K, reserved 1048576K
}
Event: 7.334 GC heap after
{Heap after GC invocations=14 (full 0):
 garbage-first heap   total 183296K, used 75742K [0x0000000081c00000, 0x0000000100000000)
  region size 1024K, 3 young (3072K), 3 survivors (3072K)
 Metaspace       used 30142K, committed 31104K, reserved 1114112K
  class space    used 3588K, committed 4032K, reserved 1048576K
}
Event: 7.463 GC heap before
{Heap before GC invocations=14 (full 0):
 garbage-first heap   total 183296K, used 146398K [0x0000000081c00000, 0x0000000100000000)
  region size 1024K, 72 young (73728K), 3 survivors (3072K)
 Metaspace       used 30146K, committed 31104K, reserved 1114112K
  class space    used 3588K, committed 4032K, reserved 1048576K
}
Event: 7.466 GC heap after
{Heap after GC invocations=15 (full 0):
 garbage-first heap   total 183296K, used 75532K [0x0000000081c00000, 0x0000000100000000)
  region size 1024K, 3 young (3072K), 3 survivors (3072K)
 Metaspace       used 30146K, committed 31104K, reserved 1114112K
  class space    used 3588K, committed 4032K, reserved 1048576K
}
Event: 7.600 GC heap before
{Heap before GC invocations=15 (full 0):
 garbage-first heap   total 183296K, used 149260K [0x0000000081c00000, 0x0000000100000000)
  region size 1024K, 75 young (76800K), 3 survivors (3072K)
 Metaspace       used 30153K, committed 31104K, reserved 1114112K
  class space    used 3588K, committed 4032K, reserved 1048576K
}
Event: 7.605 GC heap after
{Heap after GC invocations=16 (full 0):
 garbage-first heap   total 235520K, used 76035K [0x0000000081c00000, 0x0000000100000000)
  region size 1024K, 4 young (4096K), 4 survivors (4096K)
 Metaspace       used 30153K, committed 31104K, reserved 1114112K
  class space    used 3588K, committed 4032K, reserved 1048576K
}
Event: 7.918 GC heap before
{Heap before GC invocations=16 (full 0):
 garbage-first heap   total 235520K, used 197891K [0x0000000081c00000, 0x0000000100000000)
  region size 1024K, 120 young (122880K), 4 survivors (4096K)
 Metaspace       used 30345K, committed 31296K, reserved 1114112K
  class space    used 3613K, committed 4032K, reserved 1048576K
}
Event: 7.925 GC heap after
{Heap after GC invocations=17 (full 0):
 garbage-first heap   total 235520K, used 76800K [0x0000000081c00000, 0x0000000100000000)
  region size 1024K, 4 young (4096K), 4 survivors (4096K)
 Metaspace       used 30345K, committed 31296K, reserved 1114112K
  class space    used 3613K, committed 4032K, reserved 1048576K
}
Event: 8.295 GC heap before
{Heap before GC invocations=17 (full 0):
 garbage-first heap   total 235520K, used 199680K [0x0000000081c00000, 0x0000000100000000)
  region size 1024K, 124 young (126976K), 4 survivors (4096K)
 Metaspace       used 31169K, committed 32064K, reserved 1114112K
  class space    used 3706K, committed 4096K, reserved 1048576K
}
Event: 8.301 GC heap after
{Heap after GC invocations=18 (full 0):
 garbage-first heap   total 235520K, used 78259K [0x0000000081c00000, 0x0000000100000000)
  region size 1024K, 6 young (6144K), 6 survivors (6144K)
 Metaspace       used 31169K, committed 32064K, reserved 1114112K
  class space    used 3706K, committed 4096K, reserved 1048576K
}
Event: 9.062 GC heap before
{Heap before GC invocations=18 (full 0):
 garbage-first heap   total 235520K, used 200115K [0x0000000081c00000, 0x0000000100000000)
  region size 1024K, 125 young (128000K), 6 survivors (6144K)
 Metaspace       used 33843K, committed 34752K, reserved 1114112K
  class space    used 4036K, committed 4416K, reserved 1048576K
}
Event: 9.070 GC heap after
{Heap after GC invocations=19 (full 0):
 garbage-first heap   total 235520K, used 80896K [0x0000000081c00000, 0x0000000100000000)
  region size 1024K, 8 young (8192K), 8 survivors (8192K)
 Metaspace       used 33843K, committed 34752K, reserved 1114112K
  class space    used 4036K, committed 4416K, reserved 1048576K
}
Event: 9.392 GC heap before
{Heap before GC invocations=19 (full 0):
 garbage-first heap   total 235520K, used 155648K [0x0000000081c00000, 0x0000000100000000)
  region size 1024K, 71 young (72704K), 8 survivors (8192K)
 Metaspace       used 35114K, committed 36096K, reserved 1114112K
  class space    used 4201K, committed 4672K, reserved 1048576K
}
Event: 9.401 GC heap after
{Heap after GC invocations=20 (full 0):
 garbage-first heap   total 235520K, used 93747K [0x0000000081c00000, 0x0000000100000000)
  region size 1024K, 10 young (10240K), 10 survivors (10240K)
 Metaspace       used 35114K, committed 36096K, reserved 1114112K
  class space    used 4201K, committed 4672K, reserved 1048576K
}

