# JRE version: OpenJDK Runtime Environment Temurin-17.0.10+7 (17.0.10+7) (build 17.0.10+7)
# Java VM: OpenJDK 64-Bit Server VM Temurin-17.0.10+7 (17.0.10+7, mixed mode, sharing, tiered, compressed oops, compressed class ptrs, g1 gc, windows-amd64)
GC Precious Log:
 CPUs: 8 total, 8 available
 Memory: 8075M
 Large Page Support: Disabled
 NUMA Support: Disabled
 Compressed Oops: Enabled (32-bit)
 Heap Region Size: 1M
 Heap Min Capacity: 8M
 Heap Initial Capacity: 128M
 Heap Max Capacity: 2020M
 Pre-touch: Disabled
 Parallel Workers: 8
 Concurrent Workers: 2
 Concurrent Refinement Workers: 8
 Periodic GC: Disabled
Heap:
 garbage-first heap   total 264192K, used 164187K [0x0000000081c00000, 0x0000000100000000)
  region size 1024K, 52 young (53248K), 2 survivors (2048K)
 Metaspace       used 47385K, committed 48640K, reserved 1114112K
  class space    used 6023K, committed 6592K, reserved 1048576K
GC Heap History (20 events):
Event: 6.928 GC heap before
{Heap before GC invocations=14 (full 0):
 garbage-first heap   total 182272K, used 140897K [0x0000000081c00000, 0x0000000100000000)
  region size 1024K, 67 young (68608K), 2 survivors (2048K)
 Metaspace       used 29772K, committed 30656K, reserved 1114112K
  class space    used 3521K, committed 3904K, reserved 1048576K
}
Event: 6.931 GC heap after
{Heap after GC invocations=15 (full 0):
 garbage-first heap   total 182272K, used 74723K [0x0000000081c00000, 0x0000000100000000)
  region size 1024K, 2 young (2048K), 2 survivors (2048K)
 Metaspace       used 29772K, committed 30656K, reserved 1114112K
  class space    used 3521K, committed 3904K, reserved 1048576K
}
Event: 7.090 GC heap before
{Heap before GC invocations=15 (full 0):
 garbage-first heap   total 182272K, used 145379K [0x0000000081c00000, 0x0000000100000000)
  region size 1024K, 71 young (72704K), 2 survivors (2048K)
 Metaspace       used 30172K, committed 31104K, reserved 1114112K
  class space    used 3587K, committed 3968K, reserved 1048576K
}
Event: 7.093 GC heap after
{Heap after GC invocations=16 (full 0):
 garbage-first heap   total 182272K, used 75719K [0x0000000081c00000, 0x0000000100000000)
  region size 1024K, 3 young (3072K), 3 survivors (3072K)
 Metaspace       used 30172K, committed 31104K, reserved 1114112K
  class space    used 3587K, committed 3968K, reserved 1048576K
}
Event: 7.197 GC heap before
{Heap before GC invocations=16 (full 0):
 garbage-first heap   total 182272K, used 147399K [0x0000000081c00000, 0x0000000100000000)
  region size 1024K, 73 young (74752K), 3 survivors (3072K)
 Metaspace       used 30175K, committed 31104K, reserved 1114112K
  class space    used 3587K, committed 3968K, reserved 1048576K
}
Event: 7.200 GC heap after
{Heap after GC invocations=17 (full 0):
 garbage-first heap   total 182272K, used 75922K [0x0000000081c00000, 0x0000000100000000)
  region size 1024K, 3 young (3072K), 3 survivors (3072K)
 Metaspace       used 30175K, committed 31104K, reserved 1114112K
  class space    used 3587K, committed 3968K, reserved 1048576K
}
Event: 7.309 GC heap before
{Heap before GC invocations=17 (full 0):
 garbage-first heap   total 182272K, used 149650K [0x0000000081c00000, 0x0000000100000000)
  region size 1024K, 75 young (76800K), 3 survivors (3072K)
 Metaspace       used 30183K, committed 31104K, reserved 1114112K
  class space    used 3587K, committed 3968K, reserved 1048576K
}
Event: 7.314 GC heap after
{Heap after GC invocations=18 (full 0):
 garbage-first heap   total 220160K, used 76256K [0x0000000081c00000, 0x0000000100000000)
  region size 1024K, 4 young (4096K), 4 survivors (4096K)
 Metaspace       used 30183K, committed 31104K, reserved 1114112K
  class space    used 3587K, committed 3968K, reserved 1048576K
}
Event: 7.533 GC heap before
{Heap before GC invocations=18 (full 0):
 garbage-first heap   total 220160K, used 185824K [0x0000000081c00000, 0x0000000100000000)
  region size 1024K, 108 young (110592K), 4 survivors (4096K)
 Metaspace       used 30220K, committed 31104K, reserved 1114112K
  class space    used 3589K, committed 3968K, reserved 1048576K
}
Event: 7.539 GC heap after
{Heap after GC invocations=19 (full 0):
 garbage-first heap   total 220160K, used 76921K [0x0000000081c00000, 0x0000000100000000)
  region size 1024K, 4 young (4096K), 4 survivors (4096K)
 Metaspace       used 30220K, committed 31104K, reserved 1114112K
  class space    used 3589K, committed 3968K, reserved 1048576K
}
Event: 7.839 GC heap before
{Heap before GC invocations=19 (full 0):
 garbage-first heap   total 220160K, used 186489K [0x0000000081c00000, 0x0000000100000000)
  region size 1024K, 111 young (113664K), 4 survivors (4096K)
 Metaspace       used 31198K, committed 32128K, reserved 1114112K
  class space    used 3704K, committed 4096K, reserved 1048576K
}
Event: 7.847 GC heap after
{Heap after GC invocations=20 (full 0):
 garbage-first heap   total 220160K, used 78450K [0x0000000081c00000, 0x0000000100000000)
  region size 1024K, 6 young (6144K), 6 survivors (6144K)
 Metaspace       used 31198K, committed 32128K, reserved 1114112K
  class space    used 3704K, committed 4096K, reserved 1048576K
}
Event: 8.131 GC heap before
{Heap before GC invocations=20 (full 0):
 garbage-first heap   total 220160K, used 186994K [0x0000000081c00000, 0x0000000100000000)
  region size 1024K, 112 young (114688K), 6 survivors (6144K)
 Metaspace       used 33027K, committed 33920K, reserved 1114112K
  class space    used 3904K, committed 4288K, reserved 1048576K
}
Event: 8.138 GC heap after
{Heap after GC invocations=21 (full 0):
 garbage-first heap   total 220160K, used 80648K [0x0000000081c00000, 0x0000000100000000)
  region size 1024K, 8 young (8192K), 8 survivors (8192K)
 Metaspace       used 33027K, committed 33920K, reserved 1114112K
  class space    used 3904K, committed 4288K, reserved 1048576K
}
Event: 8.438 GC heap before
{Heap before GC invocations=21 (full 0):
 garbage-first heap   total 220160K, used 198408K [0x0000000081c00000, 0x0000000100000000)
  region size 1024K, 112 young (114688K), 8 survivors (8192K)
 Metaspace       used 35097K, committed 36160K, reserved 1114112K
  class space    used 4183K, committed 4672K, reserved 1048576K
}
Event: 8.447 GC heap after
{Heap after GC invocations=22 (full 0):
 garbage-first heap   total 264192K, used 93916K [0x0000000081c00000, 0x0000000100000000)
  region size 1024K, 10 young (10240K), 10 survivors (10240K)
 Metaspace       used 35097K, committed 36160K, reserved 1114112K
  class space    used 4183K, committed 4672K, reserved 1048576K
}
Event: 10.835 GC heap before
{Heap before GC invocations=22 (full 0):
 garbage-first heap   total 264192K, used 224988K [0x0000000081c00000, 0x0000000100000000)
  region size 1024K, 138 young (141312K), 10 survivors (10240K)
 Metaspace       used 42778K, committed 43968K, reserved 1114112K
  class space    used 5169K, committed 5696K, reserved 1048576K
}
Event: 10.849 GC heap after
{Heap after GC invocations=23 (full 0):
 garbage-first heap   total 264192K, used 98517K [0x0000000081c00000, 0x0000000100000000)
  region size 1024K, 14 young (14336K), 14 survivors (14336K)
 Metaspace       used 42778K, committed 43968K, reserved 1114112K
  class space    used 5169K, committed 5696K, reserved 1048576K
}
Event: 11.061 GC heap before
{Heap before GC invocations=23 (full 0):
 garbage-first heap   total 264192K, used 124117K [0x0000000081c00000, 0x0000000100000000)
  region size 1024K, 40 young (40960K), 14 survivors (14336K)
 Metaspace       used 44550K, committed 45760K, reserved 1114112K
  class space    used 5562K, committed 6144K, reserved 1048576K
}
Event: 11.074 GC heap after
{Heap after GC invocations=24 (full 0):
 garbage-first heap   total 264192K, used 99459K [0x0000000081c00000, 0x0000000100000000)
  region size 1024K, 8 young (8192K), 8 survivors (8192K)
 Metaspace       used 44550K, committed 45760K, reserved 1114112K
  class space    used 5562K, committed 6144K, reserved 1048576K
}

