# JRE version: OpenJDK Runtime Environment Temurin-17.0.9+9 (17.0.9+9) (build 17.0.9+9)
# Java VM: OpenJDK 64-Bit Server VM Temurin-17.0.9+9 (17.0.9+9, mixed mode, sharing, tiered, compressed oops, compressed class ptrs, g1 gc, windows-amd64)
GC Precious Log:
 CPUs: 8 total, 8 available
 Memory: 8075M
 Large Page Support: Disabled
 NUMA Support: Disabled
 Compressed Oops: Enabled (32-bit)
 Heap Region Size: 1M
 Heap Min Capacity: 8M
 Heap Initial Capacity: 128M
 Heap Max Capacity: 2020M
 Pre-touch: Disabled
 Parallel Workers: 8
 Concurrent Workers: 2
 Concurrent Refinement Workers: 8
 Periodic GC: Disabled
Heap:
 garbage-first heap   total 181248K, used 114198K [0x0000000081c00000, 0x0000000100000000)
  region size 1024K, 23 young (23552K), 1 survivors (1024K)
 Metaspace       used 38542K, committed 39616K, reserved 1114112K
  class space    used 4582K, committed 5056K, reserved 1048576K
GC Heap History (20 events):
Event: 13.361 GC heap before
{Heap before GC invocations=13 (full 0):
 garbage-first heap   total 181248K, used 140477K [0x0000000081c00000, 0x0000000100000000)
  region size 1024K, 66 young (67584K), 2 survivors (2048K)
 Metaspace       used 29960K, committed 30912K, reserved 1114112K
  class space    used 3553K, committed 3968K, reserved 1048576K
}
Event: 13.364 GC heap after
{Heap after GC invocations=14 (full 0):
 garbage-first heap   total 181248K, used 75069K [0x0000000081c00000, 0x0000000100000000)
  region size 1024K, 2 young (2048K), 2 survivors (2048K)
 Metaspace       used 29960K, committed 30912K, reserved 1114112K
  class space    used 3553K, committed 3968K, reserved 1048576K
}
Event: 13.616 GC heap before
{Heap before GC invocations=14 (full 0):
 garbage-first heap   total 181248K, used 143677K [0x0000000081c00000, 0x0000000100000000)
  region size 1024K, 69 young (70656K), 2 survivors (2048K)
 Metaspace       used 30070K, committed 30976K, reserved 1114112K
  class space    used 3571K, committed 3968K, reserved 1048576K
}
Event: 13.619 GC heap after
{Heap after GC invocations=15 (full 0):
 garbage-first heap   total 181248K, used 74998K [0x0000000081c00000, 0x0000000100000000)
  region size 1024K, 2 young (2048K), 2 survivors (2048K)
 Metaspace       used 30070K, committed 30976K, reserved 1114112K
  class space    used 3571K, committed 3968K, reserved 1048576K
}
Event: 13.841 GC heap before
{Heap before GC invocations=15 (full 0):
 garbage-first heap   total 181248K, used 146678K [0x0000000081c00000, 0x0000000100000000)
  region size 1024K, 72 young (73728K), 2 survivors (2048K)
 Metaspace       used 30208K, committed 31104K, reserved 1114112K
  class space    used 3596K, committed 3968K, reserved 1048576K
}
Event: 13.844 GC heap after
{Heap after GC invocations=16 (full 0):
 garbage-first heap   total 181248K, used 75263K [0x0000000081c00000, 0x0000000100000000)
  region size 1024K, 3 young (3072K), 3 survivors (3072K)
 Metaspace       used 30208K, committed 31104K, reserved 1114112K
  class space    used 3596K, committed 3968K, reserved 1048576K
}
Event: 14.410 GC heap before
{Heap before GC invocations=16 (full 0):
 garbage-first heap   total 181248K, used 147967K [0x0000000081c00000, 0x0000000100000000)
  region size 1024K, 75 young (76800K), 3 survivors (3072K)
 Metaspace       used 31215K, committed 32192K, reserved 1114112K
  class space    used 3709K, committed 4096K, reserved 1048576K
}
Event: 14.413 GC heap after
{Heap after GC invocations=17 (full 0):
 garbage-first heap   total 181248K, used 75933K [0x0000000081c00000, 0x0000000100000000)
  region size 1024K, 3 young (3072K), 3 survivors (3072K)
 Metaspace       used 31215K, committed 32192K, reserved 1114112K
  class space    used 3709K, committed 4096K, reserved 1048576K
}
Event: 15.372 GC heap before
{Heap before GC invocations=17 (full 0):
 garbage-first heap   total 181248K, used 150685K [0x0000000081c00000, 0x0000000100000000)
  region size 1024K, 76 young (77824K), 3 survivors (3072K)
 Metaspace       used 33513K, committed 34432K, reserved 1114112K
  class space    used 3976K, committed 4352K, reserved 1048576K
}
Event: 15.376 GC heap after
{Heap after GC invocations=18 (full 0):
 garbage-first heap   total 181248K, used 76819K [0x0000000081c00000, 0x0000000100000000)
  region size 1024K, 4 young (4096K), 4 survivors (4096K)
 Metaspace       used 33513K, committed 34432K, reserved 1114112K
  class space    used 3976K, committed 4352K, reserved 1048576K
}
Event: 15.581 GC heap before
{Heap before GC invocations=18 (full 0):
 garbage-first heap   total 181248K, used 101395K [0x0000000081c00000, 0x0000000100000000)
  region size 1024K, 29 young (29696K), 4 survivors (4096K)
 Metaspace       used 34127K, committed 35136K, reserved 1114112K
  class space    used 4071K, committed 4544K, reserved 1048576K
}
Event: 15.586 GC heap after
{Heap after GC invocations=19 (full 0):
 garbage-first heap   total 181248K, used 77871K [0x0000000081c00000, 0x0000000100000000)
  region size 1024K, 5 young (5120K), 5 survivors (5120K)
 Metaspace       used 34127K, committed 35136K, reserved 1114112K
  class space    used 4071K, committed 4544K, reserved 1048576K
}
Event: 16.122 GC heap before
{Heap before GC invocations=19 (full 0):
 garbage-first heap   total 181248K, used 139311K [0x0000000081c00000, 0x0000000100000000)
  region size 1024K, 55 young (56320K), 5 survivors (5120K)
 Metaspace       used 35442K, committed 36416K, reserved 1114112K
  class space    used 4231K, committed 4672K, reserved 1048576K
}
Event: 16.127 GC heap after
{Heap after GC invocations=20 (full 0):
 garbage-first heap   total 181248K, used 89872K [0x0000000081c00000, 0x0000000100000000)
  region size 1024K, 6 young (6144K), 6 survivors (6144K)
 Metaspace       used 35442K, committed 36416K, reserved 1114112K
  class space    used 4231K, committed 4672K, reserved 1048576K
}
Event: 17.078 GC heap before
{Heap before GC invocations=21 (full 0):
 garbage-first heap   total 181248K, used 157456K [0x0000000081c00000, 0x0000000100000000)
  region size 1024K, 69 young (70656K), 6 survivors (6144K)
 Metaspace       used 36141K, committed 37184K, reserved 1114112K
  class space    used 4350K, committed 4800K, reserved 1048576K
}
Event: 17.084 GC heap after
{Heap after GC invocations=22 (full 0):
 garbage-first heap   total 181248K, used 90743K [0x0000000081c00000, 0x0000000100000000)
  region size 1024K, 5 young (5120K), 5 survivors (5120K)
 Metaspace       used 36141K, committed 37184K, reserved 1114112K
  class space    used 4350K, committed 4800K, reserved 1048576K
}
Event: 17.094 GC heap before
{Heap before GC invocations=22 (full 0):
 garbage-first heap   total 181248K, used 93815K [0x0000000081c00000, 0x0000000100000000)
  region size 1024K, 8 young (8192K), 5 survivors (5120K)
 Metaspace       used 36145K, committed 37184K, reserved 1114112K
  class space    used 4350K, committed 4800K, reserved 1048576K
}
Event: 17.098 GC heap after
{Heap after GC invocations=23 (full 0):
 garbage-first heap   total 181248K, used 90770K [0x0000000081c00000, 0x0000000100000000)
  region size 1024K, 1 young (1024K), 1 survivors (1024K)
 Metaspace       used 36145K, committed 37184K, reserved 1114112K
  class space    used 4350K, committed 4800K, reserved 1048576K
}
Event: 17.705 GC heap before
{Heap before GC invocations=23 (full 0):
 garbage-first heap   total 181248K, used 155282K [0x0000000081c00000, 0x0000000100000000)
  region size 1024K, 64 young (65536K), 1 survivors (1024K)
 Metaspace       used 36165K, committed 37184K, reserved 1114112K
  class space    used 4350K, committed 4800K, reserved 1048576K
}
Event: 17.708 GC heap after
{Heap after GC invocations=24 (full 0):
 garbage-first heap   total 181248K, used 91211K [0x0000000081c00000, 0x0000000100000000)
  region size 1024K, 2 young (2048K), 2 survivors (2048K)
 Metaspace       used 36165K, committed 37184K, reserved 1114112K
  class space    used 4350K, committed 4800K, reserved 1048576K
}

