# JRE version: OpenJDK Runtime Environment Temurin-17.0.10+7 (17.0.10+7) (build 17.0.10+7)
# Java VM: OpenJDK 64-Bit Server VM Temurin-17.0.10+7 (17.0.10+7, mixed mode, sharing, tiered, compressed oops, compressed class ptrs, g1 gc, windows-amd64)
GC Precious Log:
 CPUs: 8 total, 8 available
 Memory: 8075M
 Large Page Support: Disabled
 NUMA Support: Disabled
 Compressed Oops: Enabled (32-bit)
 Heap Region Size: 1M
 Heap Min Capacity: 8M
 Heap Initial Capacity: 128M
 Heap Max Capacity: 2020M
 Pre-touch: Disabled
 Parallel Workers: 8
 Concurrent Workers: 2
 Concurrent Refinement Workers: 8
 Periodic GC: Disabled
Heap:
 garbage-first heap   total 218112K, used 155648K [0x0000000081c00000, 0x0000000100000000)
  region size 1024K, 70 young (71680K), 8 survivors (8192K)
 Metaspace       used 40405K, committed 41664K, reserved 1114112K
  class space    used 4800K, committed 5376K, reserved 1048576K
GC Heap History (20 events):
Event: 8.218 GC heap before
{Heap before GC invocations=14 (full 0):
 garbage-first heap   total 181248K, used 136023K [0x0000000081c00000, 0x0000000100000000)
  region size 1024K, 70 young (71680K), 10 survivors (10240K)
 Metaspace       used 28288K, committed 29056K, reserved 1114112K
  class space    used 3356K, committed 3648K, reserved 1048576K
}
Event: 8.224 GC heap after
{Heap after GC invocations=15 (full 0):
 garbage-first heap   total 181248K, used 75383K [0x0000000081c00000, 0x0000000100000000)
  region size 1024K, 2 young (2048K), 2 survivors (2048K)
 Metaspace       used 28288K, committed 29056K, reserved 1114112K
  class space    used 3356K, committed 3648K, reserved 1048576K
}
Event: 8.532 GC heap before
{Heap before GC invocations=15 (full 0):
 garbage-first heap   total 181248K, used 139895K [0x0000000081c00000, 0x0000000100000000)
  region size 1024K, 65 young (66560K), 2 survivors (2048K)
 Metaspace       used 30013K, committed 30976K, reserved 1114112K
  class space    used 3578K, committed 4032K, reserved 1048576K
}
Event: 8.535 GC heap after
{Heap after GC invocations=16 (full 0):
 garbage-first heap   total 181248K, used 75478K [0x0000000081c00000, 0x0000000100000000)
  region size 1024K, 2 young (2048K), 2 survivors (2048K)
 Metaspace       used 30013K, committed 30976K, reserved 1114112K
  class space    used 3578K, committed 4032K, reserved 1048576K
}
Event: 8.657 GC heap before
{Heap before GC invocations=16 (full 0):
 garbage-first heap   total 181248K, used 143062K [0x0000000081c00000, 0x0000000100000000)
  region size 1024K, 68 young (69632K), 2 survivors (2048K)
 Metaspace       used 30103K, committed 31104K, reserved 1114112K
  class space    used 3589K, committed 4032K, reserved 1048576K
}
Event: 8.660 GC heap after
{Heap after GC invocations=17 (full 0):
 garbage-first heap   total 181248K, used 76325K [0x0000000081c00000, 0x0000000100000000)
  region size 1024K, 3 young (3072K), 3 survivors (3072K)
 Metaspace       used 30103K, committed 31104K, reserved 1114112K
  class space    used 3589K, committed 4032K, reserved 1048576K
}
Event: 8.897 GC heap before
{Heap before GC invocations=17 (full 0):
 garbage-first heap   total 181248K, used 145957K [0x0000000081c00000, 0x0000000100000000)
  region size 1024K, 71 young (72704K), 3 survivors (3072K)
 Metaspace       used 30109K, committed 31104K, reserved 1114112K
  class space    used 3589K, committed 4032K, reserved 1048576K
}
Event: 8.900 GC heap after
{Heap after GC invocations=18 (full 0):
 garbage-first heap   total 181248K, used 76222K [0x0000000081c00000, 0x0000000100000000)
  region size 1024K, 3 young (3072K), 3 survivors (3072K)
 Metaspace       used 30109K, committed 31104K, reserved 1114112K
  class space    used 3589K, committed 4032K, reserved 1048576K
}
Event: 9.028 GC heap before
{Heap before GC invocations=18 (full 0):
 garbage-first heap   total 181248K, used 148926K [0x0000000081c00000, 0x0000000100000000)
  region size 1024K, 74 young (75776K), 3 survivors (3072K)
 Metaspace       used 30126K, committed 31104K, reserved 1114112K
  class space    used 3591K, committed 4032K, reserved 1048576K
}
Event: 9.031 GC heap after
{Heap after GC invocations=19 (full 0):
 garbage-first heap   total 181248K, used 76354K [0x0000000081c00000, 0x0000000100000000)
  region size 1024K, 3 young (3072K), 3 survivors (3072K)
 Metaspace       used 30126K, committed 31104K, reserved 1114112K
  class space    used 3591K, committed 4032K, reserved 1048576K
}
Event: 9.385 GC heap before
{Heap before GC invocations=19 (full 0):
 garbage-first heap   total 181248K, used 151106K [0x0000000081c00000, 0x0000000100000000)
  region size 1024K, 76 young (77824K), 3 survivors (3072K)
 Metaspace       used 31119K, committed 32064K, reserved 1114112K
  class space    used 3705K, committed 4096K, reserved 1048576K
}
Event: 9.391 GC heap after
{Heap after GC invocations=20 (full 0):
 garbage-first heap   total 218112K, used 77147K [0x0000000081c00000, 0x0000000100000000)
  region size 1024K, 4 young (4096K), 4 survivors (4096K)
 Metaspace       used 31119K, committed 32064K, reserved 1114112K
  class space    used 3705K, committed 4096K, reserved 1048576K
}
Event: 9.829 GC heap before
{Heap before GC invocations=20 (full 0):
 garbage-first heap   total 218112K, used 186715K [0x0000000081c00000, 0x0000000100000000)
  region size 1024K, 108 young (110592K), 4 survivors (4096K)
 Metaspace       used 33629K, committed 34624K, reserved 1114112K
  class space    used 4010K, committed 4416K, reserved 1048576K
}
Event: 9.833 GC heap after
{Heap after GC invocations=21 (full 0):
 garbage-first heap   total 218112K, used 78430K [0x0000000081c00000, 0x0000000100000000)
  region size 1024K, 5 young (5120K), 5 survivors (5120K)
 Metaspace       used 33629K, committed 34624K, reserved 1114112K
  class space    used 4010K, committed 4416K, reserved 1048576K
}
Event: 10.404 GC heap before
{Heap before GC invocations=21 (full 0):
 garbage-first heap   total 218112K, used 197214K [0x0000000081c00000, 0x0000000100000000)
  region size 1024K, 110 young (112640K), 5 survivors (5120K)
 Metaspace       used 35965K, committed 37056K, reserved 1114112K
  class space    used 4328K, committed 4800K, reserved 1048576K
}
Event: 10.413 GC heap after
{Heap after GC invocations=22 (full 0):
 garbage-first heap   total 218112K, used 92343K [0x0000000081c00000, 0x0000000100000000)
  region size 1024K, 8 young (8192K), 8 survivors (8192K)
 Metaspace       used 35965K, committed 37056K, reserved 1114112K
  class space    used 4328K, committed 4800K, reserved 1048576K
}
Event: 11.020 GC heap before
{Heap before GC invocations=22 (full 0):
 garbage-first heap   total 218112K, used 184503K [0x0000000081c00000, 0x0000000100000000)
  region size 1024K, 99 young (101376K), 8 survivors (8192K)
 Metaspace       used 36197K, committed 37312K, reserved 1114112K
  class space    used 4358K, committed 4864K, reserved 1048576K
}
Event: 11.028 GC heap after
{Heap after GC invocations=23 (full 0):
 garbage-first heap   total 218112K, used 94079K [0x0000000081c00000, 0x0000000100000000)
  region size 1024K, 8 young (8192K), 8 survivors (8192K)
 Metaspace       used 36197K, committed 37312K, reserved 1114112K
  class space    used 4358K, committed 4864K, reserved 1048576K
}
Event: 11.322 GC heap before
{Heap before GC invocations=23 (full 0):
 garbage-first heap   total 218112K, used 186239K [0x0000000081c00000, 0x0000000100000000)
  region size 1024K, 98 young (100352K), 8 survivors (8192K)
 Metaspace       used 36213K, committed 37312K, reserved 1114112K
  class space    used 4360K, committed 4864K, reserved 1048576K
}
Event: 11.329 GC heap after
{Heap after GC invocations=24 (full 0):
 garbage-first heap   total 218112K, used 95232K [0x0000000081c00000, 0x0000000100000000)
  region size 1024K, 8 young (8192K), 8 survivors (8192K)
 Metaspace       used 36213K, committed 37312K, reserved 1114112K
  class space    used 4360K, committed 4864K, reserved 1048576K
}

