# JRE version: OpenJDK Runtime Environment Temurin-17.0.10+7 (17.0.10+7) (build 17.0.10+7)
# Java VM: OpenJDK 64-Bit Server VM Temurin-17.0.10+7 (17.0.10+7, mixed mode, sharing, tiered, compressed oops, compressed class ptrs, g1 gc, windows-amd64)
GC Precious Log:
 CPUs: 8 total, 8 available
 Memory: 8075M
 Large Page Support: Disabled
 NUMA Support: Disabled
 Compressed Oops: Enabled (32-bit)
 Heap Region Size: 1M
 Heap Min Capacity: 8M
 Heap Initial Capacity: 128M
 Heap Max Capacity: 2020M
 Pre-touch: Disabled
 Parallel Workers: 8
 Concurrent Workers: 2
 Concurrent Refinement Workers: 8
 Periodic GC: Disabled
Heap:
 garbage-first heap   total 253952K, used 138877K [0x0000000081c00000, 0x0000000100000000)
  region size 1024K, 54 young (55296K), 6 survivors (6144K)
 Metaspace       used 38337K, committed 39424K, reserved 1114112K
  class space    used 4560K, committed 5056K, reserved 1048576K
GC Heap History (20 events):
Event: 6.678 GC heap before
{Heap before GC invocations=8 (full 0):
 garbage-first heap   total 157696K, used 122619K [0x0000000081c00000, 0x0000000100000000)
  region size 1024K, 92 young (94208K), 8 survivors (8192K)
 Metaspace       used 19259K, committed 19584K, reserved 1114112K
  class space    used 2178K, committed 2304K, reserved 1048576K
}
Event: 6.691 GC heap after
{Heap after GC invocations=9 (full 0):
 garbage-first heap   total 157696K, used 43485K [0x0000000081c00000, 0x0000000100000000)
  region size 1024K, 11 young (11264K), 11 survivors (11264K)
 Metaspace       used 19259K, committed 19584K, reserved 1114112K
  class space    used 2178K, committed 2304K, reserved 1048576K
}
Event: 7.730 GC heap before
{Heap before GC invocations=9 (full 0):
 garbage-first heap   total 157696K, used 128477K [0x0000000081c00000, 0x0000000100000000)
  region size 1024K, 75 young (76800K), 11 survivors (11264K)
 Metaspace       used 21161K, committed 21504K, reserved 1114112K
  class space    used 2446K, committed 2624K, reserved 1048576K
}
Event: 7.761 GC heap after
{Heap after GC invocations=10 (full 0):
 garbage-first heap   total 157696K, used 59544K [0x0000000081c00000, 0x0000000100000000)
  region size 1024K, 12 young (12288K), 12 survivors (12288K)
 Metaspace       used 21161K, committed 21504K, reserved 1114112K
  class space    used 2446K, committed 2624K, reserved 1048576K
}
Event: 8.694 GC heap before
{Heap before GC invocations=11 (full 0):
 garbage-first heap   total 157696K, used 115864K [0x0000000081c00000, 0x0000000100000000)
  region size 1024K, 67 young (68608K), 12 survivors (12288K)
 Metaspace       used 26227K, committed 26944K, reserved 1114112K
  class space    used 3143K, committed 3456K, reserved 1048576K
}
Event: 8.719 GC heap after
{Heap after GC invocations=12 (full 0):
 garbage-first heap   total 157696K, used 69120K [0x0000000081c00000, 0x0000000100000000)
  region size 1024K, 9 young (9216K), 9 survivors (9216K)
 Metaspace       used 26227K, committed 26944K, reserved 1114112K
  class space    used 3143K, committed 3456K, reserved 1048576K
}
Event: 8.954 GC heap before
{Heap before GC invocations=12 (full 0):
 garbage-first heap   total 157696K, used 118272K [0x0000000081c00000, 0x0000000100000000)
  region size 1024K, 57 young (58368K), 9 survivors (9216K)
 Metaspace       used 27101K, committed 27904K, reserved 1114112K
  class space    used 3229K, committed 3584K, reserved 1048576K
}
Event: 8.969 GC heap after
{Heap after GC invocations=13 (full 0):
 garbage-first heap   total 157696K, used 74240K [0x0000000081c00000, 0x0000000100000000)
  region size 1024K, 6 young (6144K), 6 survivors (6144K)
 Metaspace       used 27101K, committed 27904K, reserved 1114112K
  class space    used 3229K, committed 3584K, reserved 1048576K
}
Event: 9.232 GC heap before
{Heap before GC invocations=13 (full 0):
 garbage-first heap   total 157696K, used 120320K [0x0000000081c00000, 0x0000000100000000)
  region size 1024K, 51 young (52224K), 6 survivors (6144K)
 Metaspace       used 29029K, committed 29824K, reserved 1114112K
  class space    used 3431K, committed 3776K, reserved 1048576K
}
Event: 9.240 GC heap after
{Heap after GC invocations=14 (full 0):
 garbage-first heap   total 157696K, used 74752K [0x0000000081c00000, 0x0000000100000000)
  region size 1024K, 1 young (1024K), 1 survivors (1024K)
 Metaspace       used 29029K, committed 29824K, reserved 1114112K
  class space    used 3431K, committed 3776K, reserved 1048576K
}
Event: 9.635 GC heap before
{Heap before GC invocations=14 (full 0):
 garbage-first heap   total 157696K, used 123904K [0x0000000081c00000, 0x0000000100000000)
  region size 1024K, 49 young (50176K), 1 survivors (1024K)
 Metaspace       used 30079K, committed 30976K, reserved 1114112K
  class space    used 3585K, committed 3968K, reserved 1048576K
}
Event: 9.640 GC heap after
{Heap after GC invocations=15 (full 0):
 garbage-first heap   total 157696K, used 75543K [0x0000000081c00000, 0x0000000100000000)
  region size 1024K, 2 young (2048K), 2 survivors (2048K)
 Metaspace       used 30079K, committed 30976K, reserved 1114112K
  class space    used 3585K, committed 3968K, reserved 1048576K
}
Event: 9.786 GC heap before
{Heap before GC invocations=16 (full 0):
 garbage-first heap   total 167936K, used 125719K [0x0000000081c00000, 0x0000000100000000)
  region size 1024K, 51 young (52224K), 2 survivors (2048K)
 Metaspace       used 30080K, committed 30976K, reserved 1114112K
  class space    used 3585K, committed 3968K, reserved 1048576K
}
Event: 9.789 GC heap after
{Heap after GC invocations=17 (full 0):
 garbage-first heap   total 167936K, used 75506K [0x0000000081c00000, 0x0000000100000000)
  region size 1024K, 2 young (2048K), 2 survivors (2048K)
 Metaspace       used 30080K, committed 30976K, reserved 1114112K
  class space    used 3585K, committed 3968K, reserved 1048576K
}
Event: 9.797 GC heap before
{Heap before GC invocations=17 (full 0):
 garbage-first heap   total 167936K, used 81650K [0x0000000081c00000, 0x0000000100000000)
  region size 1024K, 8 young (8192K), 2 survivors (2048K)
 Metaspace       used 30080K, committed 30976K, reserved 1114112K
  class space    used 3585K, committed 3968K, reserved 1048576K
}
Event: 9.800 GC heap after
{Heap after GC invocations=18 (full 0):
 garbage-first heap   total 253952K, used 74941K [0x0000000081c00000, 0x0000000100000000)
  region size 1024K, 1 young (1024K), 1 survivors (1024K)
 Metaspace       used 30080K, committed 30976K, reserved 1114112K
  class space    used 3585K, committed 3968K, reserved 1048576K
}
Event: 10.278 GC heap before
{Heap before GC invocations=18 (full 0):
 garbage-first heap   total 253952K, used 201917K [0x0000000081c00000, 0x0000000100000000)
  region size 1024K, 125 young (128000K), 1 survivors (1024K)
 Metaspace       used 30115K, committed 31040K, reserved 1114112K
  class space    used 3588K, committed 3968K, reserved 1048576K
}
Event: 10.281 GC heap after
{Heap after GC invocations=19 (full 0):
 garbage-first heap   total 253952K, used 75381K [0x0000000081c00000, 0x0000000100000000)
  region size 1024K, 1 young (1024K), 1 survivors (1024K)
 Metaspace       used 30115K, committed 31040K, reserved 1114112K
  class space    used 3588K, committed 3968K, reserved 1048576K
}
Event: 11.794 GC heap before
{Heap before GC invocations=19 (full 0):
 garbage-first heap   total 253952K, used 210549K [0x0000000081c00000, 0x0000000100000000)
  region size 1024K, 134 young (137216K), 1 survivors (1024K)
 Metaspace       used 33632K, committed 34560K, reserved 1114112K
  class space    used 4011K, committed 4416K, reserved 1048576K
}
Event: 11.797 GC heap after
{Heap after GC invocations=20 (full 0):
 garbage-first heap   total 253952K, used 77029K [0x0000000081c00000, 0x0000000100000000)
  region size 1024K, 3 young (3072K), 3 survivors (3072K)
 Metaspace       used 33632K, committed 34560K, reserved 1114112K
  class space    used 4011K, committed 4416K, reserved 1048576K
}

